NotNameError: Пенг42 euxtjquwo@mail.ru 32
NotEmailError: Пенг grnsf.mail.ru 70
NotEmailError: Владимир 8 gumxfigvam
ValueError: Джамшут tyyolvkn@ya.ru 7
ValueError: Дмитрий sdw@gmail.com 101
NotEmailError: Ольга kbzjth 13
ValueError: Джигурда arlmdlrn@mail.ru 7
ValueError: Волочкова tgnrnmo@mail.ru 9
NotEmailError: Чонгкун iflyyvp.ru 73
NotNameError: Ярослав42 ffcbzt@gmail.com 74
ValueError: Яочуан xi@mail.ru 100
ValueError: Земфира jqwpvljxg@mail.ru 7
NotNameError: Гнойный666 zrjzfsdyqr@mail.ru 95
NotEmailError: Ярослав 63 jlygzs@gmail.com
NotEmailError: Джамшут lsruraertfigvam 13
ValueError: Яочуан wmzvcqqyve@ya.ru 100
NotNameError: Земфира42 rwkzbyao@gmail.com 68
ValueError: Ли iahmkzj@ya.ru 8
NotNameError: Пенг666 ms@ya.ru 93
ValueError: Чонгкун ngdbn@ya.ru 101
ValueError: 41 wks@gmail.com
ValueError: Тролль oprzfut@ya.ru 7
ValueError: Михаил yi@mail.ru
NotNameError: Ольга666 utlpnwgik@ya.ru 68
NotEmailError: Хенг 96 brxe@ya.ru
ValueError: Дмитрий zraliqjrtm@gmail.com 7
NotEmailError: Дмитрий tubdfigvam 47
NotEmailError: Яочуан cgznlvna 98
ValueError: Нагиев fflxrbzszh@ya.ru 101
ValueError: Геннадий gr@mail.ru 8
ValueError: wntxmmh@mail.ru
NotEmailError: Анна pj.ru 95
ValueError: 85
NotNameError: Ли666 xxqskfbpvd@gmail.com 14
NotNameError: Яочуан666 gmak@mail.ru 57
ValueError: Джигурда hmyhkidqn@ya.ru 8
NotNameError: Гнойный42 sbhrryli@gmail.com 29
NotNameError: Ли42 ktcrzpnp@ya.ru 29
NotEmailError: Хенг yefrwjcttf 11
NotNameError: Анна666 kko@gmail.com 81
NotNameError: Тролль666 nsocnzas.mail.ru 82
ValueError: Земфира 86
ValueError: 
ValueError: Нагиев qwtqnx@ya.ru 8
ValueError: Дмитрий qh@mail.ru 7
ValueError: Анна ljaznlcz@mail.ru 7
NotEmailError: Земфира zpfvcvb 97
NotEmailError: Ван vbfigvam 93
NotEmailError: Ван dlvxhrcf 22
NotEmailError: Геннадий 12 lrznx@gmail.com
ValueError: 48 gfedb@mail.ru
ValueError: Пенг libyhk@mail.ru
NotNameError: Анна42 pcjyji@mail.ru 52
NotEmailError: Артём isoxlfcoeb.mail.ru 62
ValueError: Земфира cfsycaqk@gmail.com 9
ValueError: Земфира xygxmdh@mail.ru 8
NotEmailError: Хенг 97 mpqzthnd@mail.ru
ValueError: Сянцзян buku@mail.ru 9
ValueError: Пенг kdcyiitl@mail.ru 9
ValueError: Гнойный wgmbkof@gmail.com 100
NotNameError: Волочкова42 efe@ya.ru 79
ValueError: 64
NotNameError: Нагиев666 txccjjszt@ya.ru 17
NotEmailError: Гнойный ai.ru 36
NotEmailError: Земфира 15 rttzfh@ya.ru
ValueError: 
NotEmailError: Ли dyhelbnsiefigvam 31
NotEmailError: Ольга 65 fl@mail.ru
ValueError: Артём elf@mail.ru 101
NotNameError: Бузова42 kcysx@mail.ru 25
NotEmailError: Ван cohymcu.mail.ru 93
ValueError: Бузова gqt@ya.ru 8
ValueError: Пенг lmymg@ya.ru 100
ValueError: 54 dsohvsqen@ya.ru
NotEmailError: Владимир zvmklam 15
NotEmailError: Гнойный kt.mail.ru 91
ValueError: 91 rvgzbnl@gmail.com
ValueError: Ольга dvbnqqtcd@ya.ru 7
ValueError: Геннадий kvpbwddtk@mail.ru 101
NotEmailError: Нагиев 35 txgfbp@gmail.com
NotNameError: Анна666 ykjlvew@gmail.com 85
NotNameError: Ольга42 wbdv@gmail.com 42
NotNameError: Ольга42 mgjmyuavwj@mail.ru 25
ValueError: Муммий cwxiewt@gmail.com 101
NotEmailError: Джигурда fjeiqo.mail.ru 90
ValueError: Ли eowsjrz@ya.ru 7
ValueError: Артём qqlssl@gmail.com 9
ValueError: Сянцзян jxognvpf@mail.ru 100
ValueError: Владимир
NotEmailError: Джамшут redwfigvam 60
NotNameError: Тролль!!!!1 tnkugfise@ya.ru 9
NotNameError: Ярослав!!!!1 mhfkmlfigvam 35
NotEmailError: Земфира lgcrl 83
ValueError: Мария plogsfhjr@gmail.com 7
NotNameError: Джигурда666 hirbb@ya.ru 14
ValueError: 37
ValueError: Владимир
ValueError: Ярослав zektqtg@ya.ru 100
ValueError: Ли fnz@ya.ru 7
NotEmailError: Ярослав jjeowwmen 75
ValueError: 
ValueError: Пенг qlxws@gmail.com 7
NotNameError: Геннадий!!!!1 oqkolaurl@mail.ru 16
NotEmailError: Владимир zwmnwxc 69
ValueError: Джигурда xoq@gmail.com 7
ValueError: Артём ucgzuvud@gmail.com 9
NotEmailError: Земфира 33 xavvzbe@mail.ru
NotNameError: Гнойный666 dhqinljcm@ya.ru 86
ValueError: 
NotEmailError: Степан doddcyqspo 86
NotEmailError: Муммий kfyzcv.mail.ru 38
ValueError: Пенг lfjzkftwfn@ya.ru 8
ValueError: Муммий kwsdchxc@mail.ru 8
NotEmailError: Пенг ycvfigvam 91
ValueError: Мария uslq@ya.ru 9
NotNameError: Мария666 ax@ya.ru 10
NotNameError: Ольга666 xhpowfavv@mail.ru 16
ValueError: 
ValueError: Степан btscwz@mail.ru 101
ValueError: 51
ValueError: 
NotEmailError: Чонгкун jiqwzjx 63
ValueError: Яочуан mtgjp@mail.ru 101
ValueError: Ольга aorfimupuq@ya.ru 100
ValueError: Равшан qwj@gmail.com 101
NotNameError: Равшан!!!!1 ee@gmail.com 57
ValueError: Бузова aquuftkrh@gmail.com
NotEmailError: Геннадий 36 nfsxqtabzt@gmail.com
ValueError: Михаил hidos@gmail.com 101
NotNameError: Михаил666 pvabwwymp@gmail.com 88
NotNameError: Нагиев666 xwnmfigvam 59
NotNameError: Муммий!!!!1 tsfowgyt@ya.ru 89
NotNameError: Равшан666 evayobrerz@mail.ru 52
ValueError: 
NotEmailError: Нагиев 72 crek@ya.ru
ValueError: Тролль yauqsnry@gmail.com 9
NotNameError: Сянцзян666 phdjniunaf@ya.ru 8
ValueError: Хенг yneo@mail.ru 8
NotNameError: Ли666 ga@gmail.com 46
NotEmailError: Анна wkguvadej 8
NotNameError: Равшан42 qrmfi@mail.ru 29
NotEmailError: Волочкова 42 iqqkfxew@mail.ru
NotNameError: Ольга42 eyplplbdvp@gmail.com 28
NotEmailError: Земфира fnlsuuge 48
NotEmailError: Ли znfhr 44
NotEmailError: Гнойный 48 iwli@mail.ru
NotEmailError: Ли atqhh.ru 99
NotNameError: Анна!!!!1 bqktw@gmail.com 65
ValueError: Чехова rigd@ya.ru 7
ValueError: 98 xp@mail.ru
NotEmailError: Земфира 36 nffdhs@ya.ru
ValueError: Муммий 79
NotNameError: Волочкова42 toijyvt@gmail.com 7
NotEmailError: Сянцзян kotbwuibd 39
ValueError: Нагиев zoz@mail.ru 9
ValueError: 13 eqghsyv@ya.ru
ValueError: Геннадий ogn@mail.ru 9
NotEmailError: Анна lyrzfigvam 50
NotNameError: Ван!!!!1 dekbmeygdv@gmail.com 17
NotEmailError: Артём 62 xaxwwtnhm
ValueError: Ольга uz@mail.ru 101
ValueError: Нагиев opru@mail.ru 100
NotNameError: Равшан!!!!1 gfaefwi@gmail.com 79
ValueError: 65 iptmugr@mail.ru
ValueError: Хенг
ValueError: 
NotNameError: Ли666 lyfmfp@ya.ru 96
NotNameError: Нагиев42 ym@mail.ru 27
NotEmailError: Анна hffigvam 43
ValueError: Ван
NotEmailError: Ярослав 63 sexveg@gmail.com
NotNameError: Ольга!!!!1 cjujuc@ya.ru 35
ValueError: Пенг loyfqih@mail.ru 7
NotEmailError: Равшан nkbkkxutvtfigvam 57
ValueError: Тролль
ValueError: Дмитрий gdpplo@mail.ru 9
ValueError: Яочуан ulwxku@gmail.com 8
NotEmailError: Равшан yva.mail.ru 21
NotEmailError: Ван rtndt 79
NotEmailError: Ярослав qlqsfigvam 70
NotEmailError: Мария 72 dgsvr@ya.ru
NotNameError: Волочкова666 fiyzyx@mail.ru 47
ValueError: Артём hdgpkrw@ya.ru 100
NotNameError: Джамшут666 bkuptdyvdz@ya.ru 61
ValueError: Ли ofkclep@mail.ru 9
NotNameError: Ольга666 mfjyl@mail.ru 22
NotEmailError: Нагиев vqqufigvam 31
NotNameError: Муммий!!!!1 qpodw@mail.ru 32
ValueError: Владимир cnvfq@gmail.com 7
NotNameError: Джигурда!!!!1 zrhuigzsnf@mail.ru 34
ValueError: Джигурда orcpss@ya.ru 100
ValueError: Ли boguqbuu@gmail.com 7
NotEmailError: Ольга pgtl.ru 98
NotEmailError: Мария mspjbfigvam 36
ValueError: Сянцзян
ValueError: Равшан mdokjjrnvg@mail.ru 7
NotEmailError: Мария oig 76
NotEmailError: Тролль ghjropl.mail.ru 85
ValueError: Волочкова oe@gmail.com 101
ValueError: 
NotEmailError: Земфира ybk.ru 85
NotEmailError: Ольга vocfyjidrb 20
ValueError: Тролль vrqgob@mail.ru 8
NotEmailError: Мария fqpnhwlj.mail.ru 46
NotNameError: Ли!!!!1 zhw@mail.ru 10
NotNameError: Хенг666 agjhusbkoe@gmail.com 33
NotNameError: Равшан42 ncmjadmmh@ya.ru 95
ValueError: 58 xomfg@mail.ru
NotNameError: Нагиев42 wara@mail.ru 24
ValueError: Артём fyypnlxwa@mail.ru 8
ValueError: Анна uepiyqy@mail.ru 101
NotEmailError: Ярослав hhirwcetv 80
ValueError: Пенг mkuiungv@mail.ru 9
NotNameError: Михаил666 iggl@ya.ru 78
ValueError: Пенг fcj@gmail.com 101
ValueError: 
NotNameError: Ольга!!!!1 lpqimz@mail.ru 72
ValueError: Волочкова uajtxxoc@gmail.com 100
ValueError: 31
NotEmailError: Ван yrz.mail.ru 101
ValueError: Геннадий jlonbdf@mail.ru
NotNameError: Михаил!!!!1 dicke@ya.ru 97
ValueError: Владимир xmwfayrc@ya.ru 8
NotEmailError: Ван fvtrkbbenj.ru 26
ValueError: Яочуан bs@mail.ru 7
ValueError: Ярослав
NotNameError: Анна42 zcs@mail.ru 42
ValueError: Муммий 90
NotNameError: Анна42 vhhwftfcg@mail.ru 53
ValueError: Степан jjzi@mail.ru 7
ValueError: 
NotNameError: Нагиев666 wteoex@mail.ru 9
ValueError: 81 nett@gmail.com
ValueError: Дмитрий xb@ya.ru 100
NotEmailError: Муммий uiafigvam 62
NotNameError: Хенг!!!!1 osyznzo@ya.ru 67
NotNameError: Сянцзян666 xregmycxtn@ya.ru 95
NotEmailError: Ли lztfjuh 22
NotEmailError: Геннадий 94 xhuwmic@gmail.com
ValueError: 
NotEmailError: Джигурда mwqdkzok.ru 83
ValueError: Гнойный udxi@gmail.com 101
ValueError: tq@mail.ru
ValueError: Ольга ct@mail.ru 100
NotNameError: Чонгкун42 qhedc@ya.ru 59
NotNameError: Геннадий42 aespu@mail.ru 97
ValueError: Джигурда rn@gmail.com 8
ValueError: Тролль
NotEmailError: Артём uhhdaycfigvam 18
NotEmailError: Дмитрий cbtewsu 100
ValueError: 88 owmogsfi@ya.ru
NotEmailError: Волочкова nu.mail.ru 17
NotEmailError: Мария 8 yg@ya.ru
ValueError: Чехова lidxddaoqw@mail.ru 100
ValueError: Чонгкун tylquyseiz@gmail.com 100
ValueError: Бузова iok@gmail.com 8
ValueError: Чонгкун
ValueError: Земфира
ValueError: Геннадий zwf@gmail.com 100
NotEmailError: Нагиев 85 bzwdxvy@ya.ru
ValueError: Ли dgqm@mail.ru 8
ValueError: Мария ontqgx@mail.ru 100
ValueError: Мария deyzithaw@mail.ru 8
ValueError: Ван sadolr@ya.ru 101
ValueError: Степан kf@ya.ru 8
ValueError: Равшан wgusm@gmail.com 9
ValueError: 
ValueError: Земфира uwdvnli@mail.ru 8
ValueError: 16
NotNameError: Артём42 su@ya.ru 26
ValueError: 86
NotEmailError: Хенг edqh 20
NotEmailError: Анна 99 tqdylq@gmail.com
NotEmailError: Гнойный mvjcfigvam 52
NotNameError: Геннадий666 baq@gmail.com 74
NotEmailError: Гнойный esd 9
NotNameError: Равшан666 tokg@gmail.com 25
ValueError: 42
ValueError: Ли aeonyiu@mail.ru 9
ValueError: Яочуан si@gmail.com 7
NotNameError: Степан!!!!1 dvac@gmail.com 94
NotEmailError: Дмитрий 82 pqlmawawd@mail.ru
ValueError: Тролль sjxjgkmlq@ya.ru 8
NotNameError: Мария!!!!1 xl@mail.ru 52
NotNameError: Дмитрий42 fbllfxosnn@mail.ru 94
ValueError: Ли gnir@gmail.com 7
ValueError: Ольга ha@ya.ru 9
ValueError: Геннадий apttruc@gmail.com
ValueError: Хенг gjmkdp@gmail.com 9
ValueError: Джигурда hsdu@ya.ru 101
NotNameError: Гнойный666 qlv@gmail.com 12
ValueError: Муммий pidjfftm@mail.ru 8
NotNameError: Ярослав!!!!1 wu@gmail.com 31
NotNameError: Ярослав42 xec@gmail.com 62
ValueError: Джамшут hpzoktyo@gmail.com 101
NotEmailError: Ольга 36 chh@mail.ru
ValueError: 14
ValueError: ibnwoguc@mail.ru
ValueError: Ли nacdtxienb@mail.ru 100
ValueError: Анна cxkqato@mail.ru 8
NotNameError: Чехова42 owayi@mail.ru 14
ValueError: Чонгкун jrhsmdgbx@gmail.com 7
ValueError: Ярослав qo@mail.ru 9
ValueError: Анна sba@ya.ru 101
NotNameError: Джамшут666 cckguhj@mail.ru 31
ValueError: Бузова uppchfkyju@gmail.com 9
NotNameError: Ярослав!!!!1 jf@ya.ru 62
NotEmailError: Геннадий hjfdi.mail.ru 7
ValueError: Гнойный wr@mail.ru 7
ValueError: Бузова gmm@ya.ru 7
NotEmailError: Геннадий abtk 75
NotNameError: Ярослав666 jeh 63
NotNameError: Михаил42 kzcp@mail.ru 78
ValueError: Степан uftoobjxk@mail.ru 8
ValueError: Ли xfhjyoju@gmail.com 100
NotEmailError: Джигурда jxvtxvxwsfigvam 95
NotNameError: Ли666 bqmybd@mail.ru 75
NotNameError: Дмитрий666 ezjv@gmail.com 21
ValueError: Ван iaphxaoo@gmail.com 8
ValueError: Чонгкун mhkhqjhmx@gmail.com 7
ValueError: Яочуан ygdqxja@mail.ru 100
NotNameError: Джамшут666 rndlsfo@gmail.com 12
NotEmailError: Дмитрий dwymn 20
NotNameError: Ярослав!!!!1 suldafigvam 92
NotEmailError: Михаил hmjiuuvvhufigvam 32
ValueError: 99 xyehgwzuu@gmail.com
ValueError: 66
ValueError: Чонгкун mhycl@gmail.com 9
ValueError: Пенг vyoik@ya.ru 100
ValueError: Владимир rinftidh@ya.ru 101
NotNameError: Муммий666 pd@mail.ru 87
ValueError: Мария dpbpily@gmail.com 9
ValueError: yv@mail.ru
ValueError: Владимир zrignrbba@gmail.com 8
NotEmailError: Земфира lzcsiq.ru 42
NotEmailError: Яочуан vi.ru 101
NotNameError: Ли42 nasa@gmail.com 20
ValueError: Мария ixhn@ya.ru 100
ValueError: 
NotEmailError: Анна 85 elchvgwknw@gmail.com
ValueError: Бузова igr@ya.ru 8
ValueError: Яочуан ksufmcroha@gmail.com 101
ValueError: Хенг ngpoldldwl@ya.ru 100
ValueError: Чонгкун gq@ya.ru 7
ValueError: 89 qhl@mail.ru
ValueError: Яочуан iuth@ya.ru 8
NotEmailError: Равшан 39 icuzo@ya.ru
NotNameError: Ольга666 sigmjeofjf@gmail.com 17
ValueError: Мария yjuzmr@gmail.com 9
NotNameError: Волочкова666 cgoivrmofg@gmail.com 81
NotNameError: Равшан666 nyx@ya.ru 60
ValueError: Дмитрий xback@mail.ru 7
NotEmailError: Геннадий almb.mail.ru 18
ValueError: Ли lc@ya.ru 9
ValueError: Земфира plslxirp@gmail.com 101
ValueError: Чехова ssdpstvvxi@gmail.com 7
ValueError: Ли pcnvxsf@ya.ru 100
NotNameError: Джамшут666 bu@ya.ru 54
ValueError: Джигурда ssecik@ya.ru 7
NotNameError: Михаил!!!!1 ayfunbjvq@mail.ru 91
NotEmailError: Степан 36 caye@ya.ru
NotEmailError: Дмитрий eyogojynek 26
NotEmailError: Чехова jtvxk 12
ValueError: oy@gmail.com
ValueError: Артём iwkukwzt@ya.ru 8
ValueError: Волочкова kvy@ya.ru 101
NotEmailError: Сянцзян dgxpv 82
NotEmailError: Яочуан kcj.mail.ru 11
NotNameError: Владимир42 ffkixmon@mail.ru 34
NotEmailError: Джамшут mahks.mail.ru 57
ValueError: Равшан rsy@gmail.com 100
NotEmailError: Чехова bjaupakumm.ru 91
ValueError: Степан 23
ValueError: Тролль mnycx@gmail.com 101
NotNameError: Чехова42 lxfu@gmail.com 45
NotNameError: Ольга42 thhtgzm@ya.ru 45
NotNameError: Муммий42 mdtaqsikjf@ya.ru 12
ValueError: Хенг crhsca@ya.ru 9
NotEmailError: Джамшут phlpzwfffigvam 33
ValueError: Ярослав
ValueError: Геннадий cppmo@mail.ru 8
NotEmailError: Артём aqj.ru 17
NotNameError: Земфира!!!!1 efz@mail.ru 45
NotEmailError: Ольга 86 zpawzdafft@gmail.com
ValueError: Михаил rtisohbr@mail.ru 101
NotNameError: Бузова42 riltaol@gmail.com 31
NotEmailError: Геннадий 73 jruoid@mail.ru
ValueError: xti@ya.ru
NotEmailError: Равшан scpglwfruc.mail.ru 35
ValueError: Михаил nktbmhacha@ya.ru 101
ValueError: 23
ValueError: Джигурда tjusruw@gmail.com 101
ValueError: oywlsbomiy@gmail.com
ValueError: Геннадий dfmah@gmail.com
NotEmailError: Анна rqcfigvam 58
ValueError: Геннадий gowp@ya.ru 9
NotEmailError: Яочуан hcfigvam 80
NotEmailError: Геннадий 55 ndb@ya.ru
ValueError: Ван zbubzr@gmail.com 7
NotEmailError: Ли 74 wgugrckxw@gmail.com
ValueError: Яочуан hgxwj@gmail.com 7
ValueError: Гнойный tygluu@gmail.com 9
NotNameError: Джигурда666 mkogutwr@gmail.com 20
NotNameError: Геннадий666 jqw@ya.ru 58
ValueError: Равшан mqg@mail.ru 7
ValueError: Мария fyqx@gmail.com 101
NotEmailError: Мария igqkc 56
NotNameError: Тролль!!!!1 iboxbi@mail.ru 27
ValueError: Ли xm@gmail.com 101
NotNameError: Бузова666 ndoirzuht@gmail.com 35
ValueError: 
ValueError: Ольга grctgo@mail.ru 101
NotNameError: Ольга666 jkks@ya.ru 88
ValueError: 14 qjdyda@ya.ru
NotNameError: Хенг666 dbkxglrtr@gmail.com 20
ValueError: Ван twypxwtnqs@ya.ru 8
ValueError: Ольга
ValueError: Яочуан jqrvpik@gmail.com 8
ValueError: Ярослав nbpbn@ya.ru 100
ValueError: Пенг 18
ValueError: Ван eqvzujpa@mail.ru 100
NotNameError: Земфира666 mkxfbiglg@ya.ru 25
ValueError: Ли vsrbknpi@gmail.com 101
NotNameError: Волочкова42 jplbtuvok@mail.ru 39
NotEmailError: Степан gggpaqbb 39
ValueError: Нагиев kdxmdjsfoq@gmail.com 7
NotEmailError: Ольга pyitfdyfp.ru 81
NotEmailError: Геннадий 51 ngibl@ya.ru
NotNameError: Ярослав!!!!1 xd@mail.ru 46
NotEmailError: Муммий tvnkfn.ru 50
ValueError: Михаил dmsckxsvkq@ya.ru 101
NotEmailError: Чонгкун qyrb 94
ValueError: Владимир txd@ya.ru 100
NotNameError: Пенг42 jbxhywaw@gmail.com 94
ValueError: Бузова 58
ValueError: Бузова cpzofk@ya.ru 100
NotNameError: Ольга666 ot@gmail.com 9
ValueError: 
ValueError: 
ValueError: Тролль nohc@ya.ru 8
NotNameError: Хенг42 tfglv@ya.ru 82
NotNameError: Мария666 sp@mail.ru 67
NotEmailError: Сянцзян mkh.mail.ru 38
ValueError: Тролль lpiqiywb@mail.ru 8
NotEmailError: Ольга alcdfigvam 75
NotEmailError: Ольга vgqdjgys.mail.ru 89
ValueError: Равшан pdomev@gmail.com 8
ValueError: 
NotNameError: Дмитрий!!!!1 ccoqjfx@mail.ru 15
NotNameError: Артём42 clcmztc@gmail.com 94
ValueError: Сянцзян jyyw@ya.ru 7
ValueError: 
NotEmailError: Джамшут 86 mz@ya.ru
NotEmailError: Ольга vheltf 30
ValueError: Ольга tmstxptsw@gmail.com 101
NotEmailError: Бузова ipguhyopqfigvam 62
NotNameError: Гнойный666 sjb@mail.ru 91
NotNameError: Чонгкун42 whw@gmail.com 71
NotNameError: Чехова42 ltcp@mail.ru 37
NotEmailError: Ольга 90 nbyqfilr@ya.ru
NotEmailError: Ярослав guqnftm 91
ValueError: Джигурда pwvllwc@mail.ru 100
NotNameError: Муммий!!!!1 ro@gmail.com 78
ValueError: Муммий afch@gmail.com 100
ValueError: Муммий kxhupvl@mail.ru 8
NotNameError: Владимир666 fuxy@ya.ru 13
NotNameError: Яочуан!!!!1 xgyph@ya.ru 73
ValueError: Муммий yorphou@mail.ru 101
ValueError: Владимир jvgb@gmail.com 9
NotEmailError: Яочуан rmuqgtv 19
ValueError: Джамшут xkmcgp@gmail.com 100
ValueError: Джамшут zmlft@gmail.com 9
ValueError: Равшан dfzxjzqx@gmail.com 9
ValueError: Мария hktpu@ya.ru 7
NotNameError: Муммий666 ghkzdxn@mail.ru 92
NotEmailError: Владимир xstkvrskfigvam 75
NotEmailError: Михаил ity 41
ValueError: Хенг ijygcm@mail.ru
NotEmailError: Тролль ydmqa 44
ValueError: Ярослав nylmbleako@gmail.com 7
ValueError: Муммий xjctubyfz@gmail.com 7
ValueError: Сянцзян xrcrvmblnw@ya.ru 9
NotNameError: Джамшут666 dgbk@gmail.com 86
ValueError: Равшан xsortwb@ya.ru 100
NotEmailError: Михаил ksfigvam 86
ValueError: 
ValueError: Равшан dp@gmail.com 7
NotNameError: Равшан42 oztp@gmail.com 35
NotEmailError: Пенг 91 sbkivwv@gmail.com
ValueError: Чонгкун bmybxiicj@mail.ru 100
ValueError: Анна gju@gmail.com 7
NotEmailError: Яочуан kmaqjfigvam 66
NotEmailError: Пенг ls.mail.ru 97
NotEmailError: Ольга 55 jym@mail.ru
ValueError: Волочкова hpn@gmail.com 9
ValueError: Чонгкун qduhwjj@mail.ru 9
ValueError: Чехова zbqjf@gmail.com 8
NotNameError: Михаил666 jtczdhuvyu@mail.ru 87
NotNameError: Мария666 hcz@mail.ru 49
ValueError: 
NotEmailError: Нагиев 34 xazkz@gmail.com
NotNameError: Нагиев!!!!1 pekyd@ya.ru 59
ValueError: Сянцзян ptuwk@mail.ru 101
ValueError: Степан pgunwi@gmail.com 101
ValueError: 
ValueError: Чехова dxkrhlt@mail.ru 8
NotEmailError: Ярослав 68 zyb.ru
ValueError: Артём avc@mail.ru 7
ValueError: Яочуан yevr@gmail.com 101
NotEmailError: Владимир 60 ldyuyv@gmail.com
NotEmailError: Мария przmjpjyuc.mail.ru 47
NotNameError: Геннадий666 dvgwstof@mail.ru 61
NotNameError: Тролль666 jwnlr@mail.ru 92
ValueError: Ли mdwje@mail.ru 7
ValueError: Волочкова zruagjjubo@mail.ru 101
NotEmailError: Равшан 94 uhddv@ya.ru
ValueError: Сянцзян mcbq@mail.ru 7
ValueError: Ли
ValueError: Анна bcmncsiazj@mail.ru 8
ValueError: Чехова cmedyzdmuf@ya.ru 8
ValueError: Ван swcpzgfqk@gmail.com 9
NotNameError: Ли666 viperac@gmail.com 11
ValueError: 
ValueError: Джигурда cazcggmh@mail.ru 101
ValueError: Ольга vmtulqovl@ya.ru 100
NotEmailError: Ван llrvnboy 82
NotNameError: Бузова666 stwxu@ya.ru 82
ValueError: Джамшут osi@ya.ru 101
NotEmailError: Джигурда xkfigvam 51
NotNameError: Бузова666 rihao@mail.ru 91
NotNameError: Хенг666 fuznbykkpo@gmail.com 56
NotNameError: Артём42 eejjr@ya.ru 30
ValueError: Ли lbrlgdc@gmail.com 101
ValueError: acesfkx
ValueError: Ван ksjxcbk@gmail.com
NotNameError: Геннадий42 daflhhwdg@mail.ru 67
ValueError: Степан 37
NotNameError: Тролль42 kqgwru@ya.ru 37
ValueError: Геннадий ffr@ya.ru 7
NotNameError: Хенг666 lwiirkclhq@ya.ru 29
NotEmailError: Сянцзян hwxt.mail.ru 50
ValueError: Волочкова tdddmgika@ya.ru 9
ValueError: Хенг
NotNameError: Ли666 kphzoum@ya.ru 94
NotEmailError: Чонгкун ycggmccqfigvam 7
NotNameError: Ли42 wxexmgqlv@mail.ru 57
ValueError: Михаил smihac@ya.ru 9
NotNameError: Пенг42 jdknfivgid@ya.ru 24
NotNameError: Гнойный666 xjbx@gmail.com 78
NotEmailError: Джигурда zmjc 45
ValueError: Земфира
ValueError: 99
ValueError: Равшан yy@gmail.com 100
NotEmailError: Анна qppqjykge.mail.ru 56
ValueError: 
ValueError: Владимир xas@ya.ru 101
ValueError: Нагиев gtckxtsg@gmail.com 8
NotEmailError: Владимир ostm.ru 81
ValueError: Владимир
ValueError: Ольга 77
ValueError: hbqvvgvyv@gmail.com
NotEmailError: Степан jrahedkro.ru 100
ValueError: Анна frnm@ya.ru 9
ValueError: Ли rlobsdxnkm@ya.ru 101
NotEmailError: Бузова vvrznowi.ru 39
NotEmailError: Ли zocmhhldtxfigvam 33
ValueError: Дмитрий dpado@ya.ru 101
NotNameError: Сянцзян!!!!1 cqc@mail.ru 79
ValueError: Нагиев zobbamthn@ya.ru
ValueError: Артём pbxxpkp@mail.ru
ValueError: Ольга swxjl@ya.ru
NotEmailError: Михаил ogaptxrw 10
NotEmailError: Чехова ikkjvfigvam 83
ValueError: 54
NotNameError: Михаил666 mavzyuda@gmail.com 61
NotEmailError: Ольга 20 oja@ya.ru
ValueError: Сянцзян qvujdw@mail.ru 8
ValueError: Ли xinydgkyz
NotNameError: Дмитрий!!!!1 cfortxov@gmail.com 100
ValueError: Пенг sojqh@mail.ru 100
ValueError: Ли 73
ValueError: Муммий tdlgluv@mail.ru 8
ValueError: Пенг lm@ya.ru 100
ValueError: Пенг azomitvegl@mail.ru 101
NotEmailError: Пенг 41 hivhqztutj@ya.ru
ValueError: Геннадий ahmh@mail.ru 7
NotEmailError: Бузова khsfbnfigvam 10
NotEmailError: Мария xnzir.ru 17
NotEmailError: Ли qjpycs.mail.ru 54
NotEmailError: Пенг 12 epj@gmail.com
NotEmailError: Дмитрий ka 54
ValueError: Владимир uxo@mail.ru 8
ValueError: Ли mbshdfcuq@mail.ru 9
NotEmailError: Степан rcug.ru 85
ValueError: 
NotNameError: Пенг666 hsj@ya.ru 39
NotNameError: Равшан!!!!1 dvmncadh@ya.ru 50
NotEmailError: Дмитрий ud.mail.ru 17
ValueError: Владимир pjrehnjr@gmail.com 8
NotEmailError: Земфира qnrfigvam 38
NotEmailError: Артём eh.mail.ru 15
ValueError: jq@gmail.com
ValueError: Хенг hqg@ya.ru 7
NotNameError: Джамшут42 jfde@mail.ru 100
ValueError: Джамшут qsjdks@gmail.com 101
NotNameError: Равшан42 vcxkqxf@gmail.com 97
ValueError: Геннадий gzrcyd@ya.ru 9
ValueError: Степан pvte@mail.ru 101
ValueError: Ли kzyqcs@ya.ru 100
NotEmailError: Волочкова qsuopb 21
ValueError: fpntrectkj@gmail.com
ValueError: Ярослав rlfkb@mail.ru 9
ValueError: Равшан errdbsjifd@gmail.com 101
NotEmailError: Пенг jqynlmr.mail.ru 50
ValueError: 
NotEmailError: Ли rsfdutfigvam 23
NotNameError: Сянцзян42 njn@gmail.com 12
ValueError: Ярослав ureuoho@gmail.com 101
ValueError: Сянцзян vapnupu@ya.ru 100
NotEmailError: Владимир 26 tgovvpmv@ya.ru
NotNameError: Михаил42 yrzsids@gmail.com 87
NotEmailError: Чонгкун 22 uvb@mail.ru
ValueError: 
ValueError: Анна tgfxv@ya.ru 100
NotEmailError: Ольга 37 gq@mail.ru
NotNameError: Артём42 fczwr@gmail.com 48
NotEmailError: Нагиев 46 ptqls@ya.ru
ValueError: Джигурда ztummrmgo@mail.ru 7
NotNameError: Нагиев!!!!1 xwrvlg@ya.ru 78
NotNameError: Хенг!!!!1 cblioh@mail.ru 34
ValueError: 47
NotNameError: Анна666 fsfop@mail.ru 58
NotNameError: Джигурда!!!!1 isgmd@gmail.com 99
ValueError: Чехова
ValueError: Тролль spdkqaktn@ya.ru 9
NotEmailError: Джигурда ebjnx.mail.ru 97
NotEmailError: Муммий sc.mail.ru 64
ValueError: Ярослав xpkehoe@gmail.com 8
ValueError: Ольга xwyvp@ya.ru 8
NotEmailError: Дмитрий tvnzagduh.mail.ru 55
ValueError: Степан gd@ya.ru 9
NotNameError: Пенг42 wouu@ya.ru 31
ValueError: Джамшут 31
NotEmailError: Хенг 58 ebsip@gmail.com
NotNameError: Волочкова666 iooulyqpni@mail.ru 42
ValueError: Гнойный kesd@mail.ru 100
NotEmailError: Тролль jw.mail.ru 35
NotEmailError: Равшан rus.mail.ru 81
ValueError: Равшан ubznniijoz@gmail.com 8
ValueError: Анна obdw@mail.ru 100
NotEmailError: Ли 12 lpe@gmail.com
NotEmailError: Анна mgcapwtfkp.ru 99
NotEmailError: Ярослав ctfsib.mail.ru 60
NotEmailError: Ольга 44 rwrakjr@gmail.com
ValueError: Тролль hgtc@gmail.com 101
ValueError: Артём afbd@mail.ru 101
ValueError: Муммий
NotNameError: Геннадий666 fkz@mail.ru 7
ValueError: 
NotNameError: Земфира42 ydcmpreuzy@ya.ru 55
ValueError: Степан byjxrtlc@gmail.com 9
NotNameError: Нагиев!!!!1 knxrnmi@ya.ru 18
NotNameError: Сянцзян42 xz@ya.ru 18
NotEmailError: Анна wsd.ru 86
ValueError: Мария qact@mail.ru 9
ValueError: Михаил jpcoyszthd@mail.ru 9
ValueError: Геннадий fhi@ya.ru 101
ValueError: Ван zqtcknx@gmail.com 101
NotNameError: Чехова42 owfqdurm@gmail.com 54
ValueError: Дмитрий jh@ya.ru 7
ValueError: 
NotNameError: Анна666 zlofysrqh@gmail.com 88
NotNameError: Земфира666 ckgpqmeryl@gmail.com 67
NotEmailError: Геннадий 22 anqexnqa@ya.ru
NotNameError: Владимир666 mgb@ya.ru 59
NotEmailError: Нагиев lntfigvam 101
ValueError: Джигурда uaz@gmail.com 8
ValueError: Анна pqhgfwigty@mail.ru 7
ValueError: Джигурда fs@ya.ru 101
ValueError: Ли mfxvkzt@ya.ru 8
NotEmailError: Ольга hmmrfigvam 88
ValueError: Анна qqsjrtws@mail.ru 100
NotNameError: Нагиев42 lfsisf@ya.ru 36
ValueError: Ли pfcr@ya.ru 101
ValueError: Ярослав pmibrp@ya.ru 101
NotNameError: Дмитрий!!!!1 mtn@gmail.com 53
ValueError: Тролль hzpxkklxaa@ya.ru 101
NotEmailError: Степан zkmyq.ru 55
NotEmailError: Пенг hvi.mail.ru 80
ValueError: Ван wreyyazwj@ya.ru 101
ValueError: Сянцзян 101
NotEmailError: Муммий zoxml 68
ValueError: Ван ysnemx@gmail.com 7
NotEmailError: Чехова blwlpw 73
ValueError: Дмитрий ddfljsbst@gmail.com 9
ValueError: Артём affbrmzi@mail.ru 8
NotNameError: Хенг!!!!1 ploqax@mail.ru 90
NotEmailError: Яочуан sxso.mail.ru 36
ValueError: 10 kfkzlg@mail.ru
ValueError: Владимир gfltut@gmail.com 8
NotEmailError: Ярослав qvbiichydh 27
ValueError: Пенг vvzxlrgg@ya.ru 100
ValueError: Владимир naciwer@gmail.com 8
ValueError: Земфира kebiiemny@ya.ru 101
ValueError: Ван bptghqopkc@gmail.com 101
NotEmailError: Чонгкун ipatelmf.mail.ru 56
NotEmailError: Владимир kpiefigvam 18
NotEmailError: Ярослав qglqvcgo 43
ValueError: 
NotNameError: Нагиев666 ykj@gmail.com 18
NotEmailError: Бузова 21 yixcbjtl@ya.ru
NotNameError: Джигурда42 hwf@mail.ru 85
NotNameError: Ольга666 yiykos@mail.ru 23
NotEmailError: Михаил nelrttdj.mail.ru 60
NotNameError: Тролль42 kakcexaoto.ru 98
NotNameError: Дмитрий42 oghektepxm@ya.ru 51
ValueError: Волочкова erem@ya.ru 101
NotEmailError: Бузова ch.ru 91
ValueError: Ван pvexq@ya.ru 101
NotNameError: Джамшут666 mhun@ya.ru 83
NotEmailError: Дмитрий xokee.ru 81
ValueError: Степан 9
NotEmailError: Ли bezqlfbr.ru 75
NotEmailError: Сянцзян kemwofigvam 80
ValueError: Равшан rrm@ya.ru 101
NotNameError: Гнойный666 ckxy@mail.ru 98
NotEmailError: Земфира sehaa.ru 23
ValueError: Ли alravwh@gmail.com 8
ValueError: Пенг 49
ValueError: Степан mijnf@gmail.com 9
NotEmailError: Хенг aenvwiibzv.ru 85
ValueError: 
NotNameError: Михаил666 tlgrqqw@ya.ru 51
NotEmailError: Ли 30 shgijkhj@ya.ru
NotEmailError: Артём jqvuaztxdufigvam 41
NotEmailError: Земфира ulgmosl.ru 77
ValueError: Яочуан
NotEmailError: Дмитрий qxkuijl 73
NotNameError: Тролль!!!!1 zylxlgct@gmail.com 17
ValueError: lpr@gmail.com
ValueError: Пенг hwgiiv@gmail.com 9
NotNameError: Муммий42 jhvwrdquj@gmail.com 60
ValueError: Джигурда ohjtabz@ya.ru 8
NotNameError: Ван666 ggdwflel@mail.ru 74
NotEmailError: Джамшут iwrrct.mail.ru 30
ValueError: Равшан mnyqvc@ya.ru
NotEmailError: Равшан bui 81
ValueError: Ван
NotNameError: Чехова42 mf@ya.ru 64
ValueError: Михаил
ValueError: Мария jg@mail.ru 7
ValueError: Пенг wmdcuhomzg@gmail.com 7
NotEmailError: Земфира woibrze.ru 27
ValueError: Ольга kdxkedpoql@mail.ru 7
NotNameError: Артём!!!!1 qinssdk@ya.ru 32
ValueError: Земфира kkroewjxde@ya.ru 100
ValueError: Чехова wtgyeyaoby@gmail.com 7
ValueError: Михаил ymmoepdgd@ya.ru 7
NotEmailError: Дмитрий 53 js@mail.ru
ValueError: 
ValueError: Михаил bcjpxcnlo@gmail.com 8
NotNameError: Муммий!!!!1 hjithai@gmail.com 67
NotEmailError: Мария 69 ombx@ya.ru
NotEmailError: Джамшут njxvd.mail.ru 31
ValueError: Земфира wamfb@gmail.com 7
NotEmailError: Дмитрий mnfyuda 63
NotNameError: Ли42 luyqxgeegp@gmail.com 88
NotNameError: Джамшут42 ktkajqsi@ya.ru 15
NotEmailError: Чонгкун 43 joakkqrec@gmail.com
NotNameError: Равшан42 hp@mail.ru 87
ValueError: Волочкова nn@ya.ru 101
ValueError: 14 ooxxpscf@mail.ru
ValueError: Тролль ohnf@ya.ru 101
ValueError: Владимир pxlqrob@ya.ru
ValueError: Мария edzii@ya.ru 100
ValueError: Земфира bj@ya.ru
ValueError: Дмитрий 58
ValueError: 
NotEmailError: Джамшут um.ru 43
NotEmailError: Степан salgh.mail.ru 42
NotNameError: Ли666 qrjdpmy@mail.ru 96
NotNameError: Степан666 jvxqidcl@gmail.com 31
ValueError: Чонгкун ajwdvtf@mail.ru 7
ValueError: Ван ssrypdn@ya.ru 101
ValueError: Бузова bm@gmail.com 100
ValueError: Чехова goic@mail.ru 101
NotNameError: Яочуан666 dbgbcbq@gmail.com 67
NotNameError: Чонгкун!!!!1 qembh@ya.ru 91
ValueError: Равшан tmybye@gmail.com 100
ValueError: 21 ojuqqls@mail.ru
ValueError: 
ValueError: Джигурда hqjpqiuh@gmail.com 7
ValueError: Яочуан ypujo@mail.ru 9
NotNameError: Волочкова!!!!1 ln@ya.ru 66
NotEmailError: Артём 64 pmcjigwzx@ya.ru
ValueError: Геннадий wskie@gmail.com 8
NotEmailError: Муммий nmwfzhopkrfigvam 34
NotNameError: Пенг42 dqcph@mail.ru 37
ValueError: 
ValueError: 91
NotEmailError: Ли qldvqkhmd.mail.ru 20
NotEmailError: Геннадий 57 qha@ya.ru
NotNameError: Волочкова42 cal@ya.ru 95
ValueError: 40 utgz@ya.ru
NotNameError: Сянцзян42 te@gmail.com 93
NotNameError: Муммий42 fhtyashoe@ya.ru 93
ValueError: 
NotEmailError: Джигурда 79 lsifigvam
ValueError: Геннадий zoonmmm@ya.ru 101
ValueError: Анна rpumuguesa@mail.ru 101
NotNameError: Мария!!!!1 gqxmebqau@mail.ru 50
ValueError: Земфира pntiproy@gmail.com 7
ValueError: Джамшут ubbcxo@mail.ru 7
ValueError: Земфира timjdfxxb@mail.ru 100
NotNameError: Ван42 tf@mail.ru 52
ValueError: qxibm@gmail.com
ValueError: 
NotEmailError: Нагиев rzn.mail.ru 78
NotNameError: Дмитрий!!!!1 dbow@gmail.com 70
ValueError: Дмитрий unkl@mail.ru 100
NotEmailError: Джамшут 51 maoqhoiq@mail.ru
ValueError: Муммий tmwj@gmail.com 7
NotEmailError: Муммий oxtxopwnrjfigvam 18
NotNameError: Нагиев42 lrapsu@gmail.com 35
ValueError: Сянцзян fem@mail.ru 7
NotNameError: Ли42 rrqqqij@mail.ru 70
ValueError: Дмитрий mvqwrord@gmail.com 7
NotEmailError: Артём 43 dnp@ya.ru
ValueError: Хенг aw@gmail.com 9
ValueError: Ярослав ueww@mail.ru 100
ValueError: Ярослав vytzy@gmail.com 101
ValueError: 
ValueError: 
ValueError: 
NotEmailError: Владимир 28 an@mail.ru
NotEmailError: Ольга ehgpnaeu.ru 12
ValueError: Гнойный yfucubanov@ya.ru 101
NotNameError: Бузова666 puhl@mail.ru 66
ValueError: Владимир pazefbeg@mail.ru 8
ValueError: Мария ihvi@mail.ru 8
ValueError: Степан ayrjjzed@mail.ru 100
ValueError: 45
ValueError: Чехова rvrscke@gmail.com 101
ValueError: 79 uybshtbgyy@gmail.com
ValueError: Михаил 44
NotNameError: Муммий42 pawd@mail.ru 74
ValueError: Ли vf@ya.ru 101
ValueError: 
ValueError: Владимир vbvzuilfiw@mail.ru 8
NotEmailError: Сянцзян goki.mail.ru 58
ValueError: 25
NotNameError: Ярослав666 fuxp@gmail.com 12
NotEmailError: Гнойный sb.mail.ru 51
NotEmailError: Равшан qfkqfigvam 82
NotNameError: Мария666 st@mail.ru 91
NotEmailError: Михаил 40 aymkhugwng@mail.ru
ValueError: sigaezard@gmail.com
NotEmailError: Муммий 25 xmxdjgk@gmail.com
NotNameError: Муммий!!!!1 wjplpskc@mail.ru 14
NotEmailError: Ван hhotqhxwx.ru 82
ValueError: 
NotEmailError: Артём ueebpkyfigvam 80
ValueError: Земфира gwihlyfy@gmail.com 101
ValueError: 
ValueError: Яочуан hilxryf@gmail.com 101
NotEmailError: Хенг opcaffkfigvam 38
NotNameError: Чонгкун42 furhqlmdf@mail.ru 31
ValueError: Сянцзян qdvz@gmail.com 8
NotNameError: Степан!!!!1 vuieqxn@mail.ru 79
NotEmailError: Муммий cdssxrpfigvam 26
NotNameError: Пенг!!!!1 jsatsc@mail.ru 70
NotEmailError: Тролль tqqr 55
ValueError: Пенг fdlpdijbwn@ya.ru 100
NotNameError: Владимир42 pc@ya.ru 68
ValueError: 
ValueError: Артём bphgql@ya.ru 9
ValueError: Артём cnbkekcprn@gmail.com 101
NotEmailError: Анна nfurnoe.ru 60
NotNameError: Дмитрий666 ktflybe@gmail.com 28
NotNameError: Земфира!!!!1 bb@mail.ru 13
NotNameError: Ольга!!!!1 estofkaeg@gmail.com 93
ValueError: Земфира knzuvzxjbz@mail.ru 9
ValueError: Гнойный 79
ValueError: Ли unubujw@ya.ru 9
ValueError: 
NotEmailError: Чонгкун crr.mail.ru 15
ValueError: 65 ms@ya.ru
ValueError: Тролль knnuahehn@mail.ru 7
NotNameError: Яочуан42 fwu@gmail.com 80
NotNameError: Ольга666 afxahwgcma@ya.ru 98
ValueError: Джамшут ocvignginp@mail.ru 100
NotEmailError: Яочуан wieyfigvam 64
NotEmailError: Михаил vtdupl.mail.ru 80
NotNameError: Ван!!!!1 sqceyont@ya.ru 24
NotEmailError: Волочкова mt.ru 91
ValueError: Сянцзян khvkdpeo@mail.ru 9
ValueError: 
NotNameError: Сянцзян666 fycwqkqdmu@gmail.com 74
NotEmailError: Геннадий tylyk.ru 101
NotNameError: Нагиев666 vguk@ya.ru 42
ValueError: Анна hgedd@ya.ru 101
ValueError: Бузова 61
ValueError: Ван ascadyoz@gmail.com 101
NotEmailError: Нагиев kgfa 98
NotNameError: Земфира666 imgbvdy@mail.ru 82
ValueError: 31 vx@gmail.com
ValueError: Тролль yqspypob@gmail.com 9
ValueError: 
NotNameError: Анна42 hyrlnugixsfigvam 42
ValueError: Ольга
NotNameError: Геннадий666 hlfrxbq@ya.ru 38
NotEmailError: Ван xyuqco.ru 46
NotNameError: Степан!!!!1 haudkniw@ya.ru 97
ValueError: Дмитрий rkycgpt@mail.ru 100
NotNameError: Пенг666 lcxemzac@gmail.com 28
NotNameError: Ли!!!!1 izok@mail.ru 78
NotNameError: Михаил666 ci@mail.ru 28
NotNameError: Бузова42 utzeyox@gmail.com 49
NotEmailError: Степан jbsdgyoz.mail.ru 80
NotNameError: Яочуан666 pstkv@gmail.com 74
ValueError: 
ValueError: 59
ValueError: 19 mwsfzxffo@mail.ru
ValueError: Геннадий lgquvjrajh@mail.ru 9
ValueError: Ли fjg@gmail.com 9
ValueError: Тролль zbma@ya.ru 9
ValueError: 101
NotEmailError: Геннадий eqnfdntfigvam 17
NotNameError: Муммий!!!!1 maybgyk@ya.ru 29
ValueError: Гнойный atnzrka@gmail.com 9
NotNameError: Пенг666 ct@gmail.com 15
ValueError: Ярослав vaftsheeit@ya.ru 100
NotNameError: Тролль!!!!1 hwvpj@gmail.com 101
NotNameError: Мария!!!!1 xoaedtfw@gmail.com 58
ValueError: Степан np@ya.ru 8
NotEmailError: Пенг dqlvzgzxu 50
ValueError: Муммий zu@ya.ru 8
NotEmailError: Хенг salvyr 44
ValueError: Земфира gidfsotke@mail.ru
ValueError: Владимир qzf@mail.ru 101
ValueError: Ли hovojhicdh@gmail.com 9
NotEmailError: Чехова icfigvam 36
ValueError: Дмитрий worhalkv@ya.ru 8
ValueError: Джамшут toycr@gmail.com 100
ValueError: Волочкова bhihrlbxu@ya.ru 101
NotNameError: Ольга42 jlp@gmail.com 51
NotEmailError: Степан zjmjfigvam 64
NotEmailError: Ли 63 ijy@mail.ru
NotNameError: Бузова42 ektbpz@gmail.com 26
NotEmailError: Ли db.mail.ru 94
NotEmailError: Тролль 57 xvl@mail.ru
ValueError: Равшан sqbfbr@ya.ru 8
NotNameError: Сянцзян666 eg@gmail.com 19
ValueError: 
NotEmailError: Джигурда ti 9
ValueError: Чехова trzmfalpx@ya.ru 9
NotNameError: Яочуан42 ytxttprtyu@mail.ru 84
NotEmailError: Ольга mpmj.ru 72
NotEmailError: Ольга vwujloyv 99
NotEmailError: Хенг thus.ru 82
ValueError: Ван ewqk@mail.ru 9
NotEmailError: Волочкова wkaizmvrir.mail.ru 88
NotEmailError: Нагиев 43 iiodjj@gmail.com
ValueError: 86
ValueError: Ольга inblsue@mail.ru 7
ValueError: 27
NotNameError: Ван42 tycx@gmail.com 81
ValueError: Равшан szippc@mail.ru 101
ValueError: 
NotNameError: Михаил666 gsgzqswkp@ya.ru 60
NotEmailError: Чехова kykhha.mail.ru 15
NotEmailError: Степан pulcbsxuf 21
NotNameError: Геннадий!!!!1 ulffna@gmail.com 74
NotNameError: Артём!!!!1 neuxmabtmm@mail.ru 94
ValueError: Гнойный xzddpgpg@ya.ru 100
ValueError: 
ValueError: Волочкова faagm@ya.ru 101
ValueError: Дмитрий db@gmail.com 100
ValueError: Геннадий elppvyupu@mail.ru 8
NotEmailError: Анна qywvsdmp.mail.ru 90
ValueError: 34 myr@mail.ru
NotEmailError: Равшан tskxkp.ru 45
NotNameError: Геннадий!!!!1 spgooa@ya.ru 82
ValueError: Яочуан wlstx@gmail.com 100
ValueError: Ольга orxjlqh@gmail.com 100
NotNameError: Яочуан666 mce@mail.ru 25
NotEmailError: Сянцзян 97 vx@gmail.com
ValueError: Ольга bfym@ya.ru 100
ValueError: 45
ValueError: 
NotEmailError: Владимир kwlrgcw.ru 22
ValueError: Ярослав irdmrg@mail.ru 9
NotEmailError: Ольга msx.mail.ru 68
ValueError: Чехова gwytfo@ya.ru 8
NotEmailError: Михаил aattyffigvam 34
NotEmailError: Тролль qcwjvtn 26
ValueError: Джигурда
ValueError: 
ValueError: Ли beolypulk@mail.ru 100
ValueError: Владимир iyxmijs@ya.ru 101
NotEmailError: Чехова uyygothzpe.mail.ru 54
ValueError: Нагиев jutgyl@mail.ru 8
NotNameError: Джигурда42 mbosuaobcn@ya.ru 33
ValueError: Пенг pnsxg@ya.ru 9
NotEmailError: Артём jipixe.ru 19
NotNameError: Владимир42 pwfwj@ya.ru 21
NotEmailError: Ли cvhczo 33
NotEmailError: Мария efbu 77
NotEmailError: Ли svaqehfigvam 77
NotNameError: Чонгкун!!!!1 gffm@gmail.com 20
ValueError: 
NotEmailError: Равшан bseowqfigvam 42
NotNameError: Джигурда42 tznepble@ya.ru 75
NotEmailError: Яочуан ehvolflg.mail.ru 40
ValueError: Джамшут wevesdrh@mail.ru 8
ValueError: Муммий yklu@gmail.com 7
ValueError: Тролль pwtadxo@gmail.com 8
NotEmailError: Гнойный 62 qeqd@ya.ru
NotNameError: Муммий!!!!1 wqxwzop@ya.ru 61
ValueError: Нагиев
NotEmailError: Сянцзян ko.mail.ru 43
ValueError: Яочуан raw@mail.ru 9
ValueError: Чехова eydej@ya.ru 101
NotEmailError: Джамшут eayzodx 52
ValueError: Ольга wgwuu@ya.ru 101
ValueError: Геннадий djudzltj@mail.ru 101
ValueError: Джигурда
ValueError: Степан yejzxyf@mail.ru 9
ValueError: 
ValueError: Волочкова 93
NotEmailError: Пенг qruwcczp.ru 101
NotNameError: Гнойный42 slmdj@gmail.com 28
NotNameError: Ольга!!!!1 yaipm@gmail.com 83
ValueError: Сянцзян pliohfbecr@mail.ru 9
ValueError: Сянцзян lnlscrhjpe@gmail.com 101
NotEmailError: Михаил jkdtdcgop.ru 26
ValueError: 
ValueError: Нагиев fhxpea@gmail.com 101
ValueError: 
ValueError: Сянцзян qadxbr@gmail.com 9
ValueError: Муммий iqi@ya.ru 100
ValueError: Ольга ie@mail.ru 9
NotEmailError: Ярослав qngrtongs.mail.ru 27
ValueError: 
NotEmailError: Мария dnm 42
NotEmailError: Бузова pzxqirnp.mail.ru 97
ValueError: Ли fkp@mail.ru 8
NotNameError: Земфира666 rvhajqvv@ya.ru 40
ValueError: Ольга oivsrkk@ya.ru 7
NotNameError: Степан42 laydgwwjwn@mail.ru 11
ValueError: Джигурда
ValueError: Ли mavu@ya.ru 100
ValueError: Тролль 54
NotNameError: Дмитрий!!!!1 bvkk@mail.ru 26
NotNameError: Равшан42 ezntle@ya.ru 37
ValueError: Тролль fsllueom@ya.ru 9
ValueError: Муммий ufauvx@gmail.com 9
ValueError: Муммий wznghtc@ya.ru 100
NotEmailError: Чонгкун hvro 22
ValueError: Ли wqpe@ya.ru 100
NotEmailError: Чехова zirisuryve.mail.ru 58
NotNameError: Джигурда!!!!1 dyenaemmiv@ya.ru 9
ValueError: Ярослав zvb@gmail.com 101
NotNameError: Муммий42 sfghcwc@mail.ru 100
ValueError: Ольга 53
ValueError: 
ValueError: Гнойный jvqjo@ya.ru 101
ValueError: Волочкова mwyte@gmail.com 9
NotEmailError: Бузова zmcty 30
NotNameError: Джигурда42 cgmyyleo@ya.ru 62
NotEmailError: Хенг ihswkiplw.ru 53
ValueError: Чонгкун 24
NotEmailError: Равшан jlo.mail.ru 71
ValueError: 
NotNameError: Гнойный42 ooscn@mail.ru 55
NotNameError: Тролль!!!!1 gyvjmzanae@gmail.com 26
NotNameError: Нагиев42 jrjhg@gmail.com 73
NotNameError: Ван42 scca@mail.ru 18
NotNameError: Владимир42 zphtkio@gmail.com 11
NotEmailError: Ольга 98 vlhqzb@gmail.com
ValueError: Яочуан zgfmcpz@gmail.com 7
NotEmailError: Ярослав rgdcnbxfigvam 32
NotNameError: Хенг42 mgf@gmail.com 89
ValueError: Джамшут drzi@mail.ru 101
ValueError: Артём akttamj@ya.ru 100
ValueError: Ван lfrvjvbihy@gmail.com 9
ValueError: Ольга aj@mail.ru 101
NotEmailError: Ольга hg 22
ValueError: Муммий uddygjvo@ya.ru 7
ValueError: Бузова fnfankwxld@ya.ru 8
NotEmailError: Волочкова nmilvddubzfigvam 16
ValueError: 
ValueError: Джамшут agicbvccqx@gmail.com 101
NotEmailError: Чехова apiigtuhb.ru 31
ValueError: Джамшут ufaukzgft@gmail.com 7
ValueError: 
NotNameError: Владимир!!!!1 fxjmh@gmail.com 97
ValueError: 
NotNameError: Ярослав!!!!1 wwmnsfvj@ya.ru 27
ValueError: Мария zpcmjr@gmail.com 8
NotNameError: Чехова42 eezcpy@mail.ru 90
NotEmailError: Михаил 28 ilehibygt@mail.ru
NotEmailError: Ярослав 63 eaxnuai@ya.ru
NotNameError: Хенг666 onttosa@ya.ru 81
NotNameError: Ярослав666 vv@ya.ru 72
NotEmailError: Дмитрий 34 jccinp@mail.ru
NotNameError: Ольга666 ibfzjk@ya.ru 91
NotEmailError: Земфира zhrfgfpc 82
ValueError: Нагиев gsf@gmail.com 8
NotNameError: Степан666 tkzvgm@mail.ru 72
NotNameError: Геннадий666 gev@ya.ru 89
ValueError: Земфира lletd@mail.ru 7
NotNameError: Владимир666 qudalgiaqm@gmail.com 65
NotNameError: Владимир!!!!1 qzgghw@gmail.com 12
ValueError: Сянцзян osopkc@gmail.com 7
NotEmailError: Мария mnfigvam 22
ValueError: Артём pudlfmzpwi@mail.ru 100
ValueError: Земфира duyfg@gmail.com 7
NotNameError: Муммий666 bh@gmail.com 39
ValueError: Волочкова hk@gmail.com 7
NotEmailError: Ольга sunia.mail.ru 68
ValueError: 
NotEmailError: Нагиев hekhxxlfigvam 67
ValueError: 79
ValueError: 
NotNameError: Ван42 xm@gmail.com 30
ValueError: Геннадий ipddomkxs@ya.ru 100
ValueError: Ярослав mjp@ya.ru 101
ValueError: Степан ueubww@mail.ru 8
NotNameError: Ли!!!!1 srjvpum@gmail.com 65
NotEmailError: Чехова 23 fogfgwr@ya.ru
NotEmailError: Дмитрий 33 bewlfhvxxv@ya.ru
ValueError: 
NotEmailError: Бузова 85 ymtcb@mail.ru
NotNameError: Равшан!!!!1 wxh@mail.ru 14
ValueError: 
NotEmailError: Чонгкун 13 rqkwufl@ya.ru
NotNameError: Нагиев666 jebsjraw@ya.ru 61
NotEmailError: Дмитрий xkveyjt.ru 90
NotNameError: Хенг!!!!1 kxp@gmail.com 62
NotNameError: Нагиев666 ou@mail.ru 27
NotEmailError: Земфира abfigvam 95
NotEmailError: Ярослав xx.mail.ru 43
ValueError: Волочкова oefgutnvw@mail.ru 101
NotNameError: Яочуан666 vtkmd@ya.ru 30
NotNameError: Ольга42 dh@ya.ru 25
ValueError: Ли ugbeuptrtn@ya.ru 7
NotNameError: Сянцзян!!!!1 eofcojuehm@ya.ru 32
NotEmailError: Равшан ab.ru 13
NotNameError: Яочуан!!!!1 hrkqrm@mail.ru 80
NotNameError: Артём!!!!1 qafsowppis@gmail.com 43
NotEmailError: Джигурда htufigvam 16
ValueError: Земфира klzjeoxnq@ya.ru 100
ValueError: Яочуан mmbbjfmwb@ya.ru 9
ValueError: Нагиев ap@mail.ru 8
NotNameError: Ольга666 vr@mail.ru 101
ValueError: Сянцзян nrg@gmail.com 7
ValueError: 62
ValueError: Мария koieqn@mail.ru 7
ValueError: Чехова 86
ValueError: Дмитрий tdrc@gmail.com 100
ValueError: Равшан
NotEmailError: Равшан gwtfigvam 92
NotNameError: Мария666 fxkiz@mail.ru 66
NotEmailError: Ли ieutg.ru 78
ValueError: Степан egevtifebg@gmail.com 101
ValueError: Равшан pvtwyqxc@gmail.com 8
ValueError: 
ValueError: Земфира eqmwug@mail.ru 101
ValueError: Чонгкун gysadqnc@gmail.com 8
ValueError: pt@ya.ru
ValueError: Ли luzo@gmail.com 8
ValueError: Гнойный xyvjancymu@mail.ru 9
ValueError: Ван fierz@gmail.com 8
ValueError: 
NotNameError: Владимир666 hjwqgntzb@gmail.com 70
NotNameError: Джамшут42 mutpfnzqy@mail.ru 63
NotEmailError: Ли zauapqu.ru 32
NotEmailError: Хенг gn.mail.ru 75
NotEmailError: Ольга nx 57
ValueError: Ли mydowr@ya.ru 100
ValueError: Ли finxkaeqo@mail.ru 7
ValueError: Артём okodti@gmail.com 9
ValueError: Дмитрий hqgon@ya.ru 8
ValueError: 
ValueError: Равшан xjsibxpos@mail.ru 8
NotEmailError: Чехова 80 lsyfvzjhx@gmail.com
NotNameError: Чехова42 fqsgq@ya.ru 75
NotEmailError: Артём irrx 8
ValueError: Степан hnkomvo@ya.ru 8
ValueError: Ли gggep@mail.ru 7
NotEmailError: Нагиев 39 xexcn@mail.ru
ValueError: Мария dpdkgrk@mail.ru 9
NotEmailError: Чехова slouvlfjhp.mail.ru 101
ValueError: Ольга jgsvnytwj@gmail.com 100
ValueError: Волочкова ofkuhzxqa@mail.ru 100
NotEmailError: Земфира vegfigvam 79
ValueError: Степан npghipo@ya.ru 8
NotEmailError: Анна verpjfigvam 98
NotEmailError: Бузова hunjg 57
ValueError: Ли wnqnnhqnu@gmail.com 100
ValueError: Ли duejc@mail.ru 101
NotEmailError: Гнойный jezdkxv.mail.ru 32
ValueError: Хенг texclyvv@ya.ru 7
ValueError: 
NotEmailError: Равшан dhoyzo.mail.ru 59
ValueError: Равшан hhwldj@mail.ru 101
NotEmailError: Нагиев 32 ddqkqncsc@mail.ru
ValueError: Геннадий gku@mail.ru 100
NotEmailError: Ван vv.ru 28
NotEmailError: Михаил mqfigvam 42
ValueError: Геннадий ztwc@gmail.com 101
ValueError: Сянцзян
ValueError: Джигурда ddvn@mail.ru 101
ValueError: 40 vdetvumek@gmail.com
ValueError: Хенг wnnokxhfi@ya.ru 7
ValueError: Ярослав lbywftp@mail.ru 9
ValueError: Земфира vuzzvyh@gmail.com 9
ValueError: Ван lpu@ya.ru 101
ValueError: Яочуан yuz@gmail.com 9
ValueError: Джамшут rfaxstwl@ya.ru 7
NotEmailError: Анна anfh 36
ValueError: 
NotEmailError: Владимир 79 jwnhvvd@mail.ru
ValueError: Ли omk@ya.ru 7
NotNameError: Земфира42 xsxj@mail.ru 91
NotEmailError: Степан zhbrwwfigvam 90
ValueError: Ли ati@gmail.com 100
ValueError: Ли pinle@mail.ru 101
NotEmailError: Бузова fgmdzbhhus.mail.ru 84
NotEmailError: Владимир xvrxzprb.ru 66
NotEmailError: Ли xltzkbtd 29
NotEmailError: Степан faydat 39
NotEmailError: Степан nlfigvam 18
ValueError: 
ValueError: Чехова zlwudasr@ya.ru 9
NotNameError: Земфира666 otxxpaiu@ya.ru 69
NotEmailError: Бузова rdvhta.mail.ru 73
NotEmailError: Сянцзян cvb 34
NotEmailError: Артём ug 19
ValueError: Джамшут lgwoaerkg@gmail.com 101
ValueError: vcbqv@mail.ru
NotEmailError: Джамшут qnju 15
ValueError: Волочкова vbw@ya.ru 7
NotEmailError: Чехова hymvrilgca.ru 29
ValueError: Чехова xzxezuwdo@mail.ru 8
ValueError: Михаил kpwnmczyg@ya.ru 7
ValueError: Сянцзян ddsto@mail.ru 9
NotEmailError: Земфира jiul 26
ValueError: Хенг wdigvfokm@mail.ru
ValueError: Равшан hjleuh@gmail.com 7
ValueError: Тролль zlivjohx@ya.ru 100
NotEmailError: Артём wsqxhe.mail.ru 59
ValueError: 
ValueError: Артём grhwwz@gmail.com 9
NotEmailError: Чонгкун hcfuvw 87
ValueError: Ольга ia@gmail.com 8
ValueError: Степан ay@ya.ru 8
ValueError: Чонгкун wrmis@ya.ru 101
NotEmailError: Геннадий 60 qe@mail.ru
ValueError: Ольга
ValueError: Анна aqkdbkyeb@gmail.com 9
NotEmailError: Владимир wv.ru 69
NotNameError: Анна42 ed@mail.ru 17
ValueError: Бузова xoyg@mail.ru 7
ValueError: Джамшут depp@gmail.com 100
NotNameError: Муммий!!!!1 scqo@mail.ru 94
ValueError: Владимир grrnerwhl@ya.ru 101
ValueError: Ли vjarik@ya.ru 7
ValueError: Джамшут 34
ValueError: Яочуан kcbataacan@ya.ru 100
ValueError: 
NotEmailError: Тролль vfgb.mail.ru 60
NotEmailError: Сянцзян ep.mail.ru 58
ValueError: Хенг qgonstc@mail.ru 7
NotNameError: Джигурда!!!!1 xpomzztfou@mail.ru 64
ValueError: Анна qcsrfjho@ya.ru 100
NotEmailError: Анна whlbfloq.mail.ru 93
ValueError: 
NotNameError: Михаил666 kssuv@gmail.com 99
ValueError: Ли ivmjtzik@ya.ru 101
NotEmailError: Волочкова lulntpfigvam 26
ValueError: Чонгкун ogoujvw@mail.ru 7
NotNameError: Волочкова666 qpaiijbtfigvam 55
NotEmailError: Чехова twfaumdygs 33
NotNameError: Ван42 vpvya@ya.ru 15
ValueError: Дмитрий py@gmail.com
ValueError: Пенг qwenv@gmail.com 101
NotNameError: Анна666 zvuc@gmail.com 25
NotEmailError: Геннадий 10 sdnri@mail.ru
ValueError: Гнойный fj@mail.ru 101
ValueError: Муммий vksqce@mail.ru 8
ValueError: Чехова jewi@gmail.com 100
ValueError: Волочкова ojzvn@mail.ru 8
ValueError: Геннадий 77
NotEmailError: Сянцзян 97 xangyo@ya.ru
ValueError: Гнойный jproimqazq@gmail.com 7
NotEmailError: Анна hwqdzkt 85
ValueError: Пенг ft@mail.ru
ValueError: Ли rpsbjxcidy@ya.ru 8
ValueError: Геннадий jrfxflls@ya.ru 101
NotEmailError: Чонгкун 51 gaugtep@mail.ru
ValueError: Геннадий xdrmu@mail.ru 9
ValueError: Джамшут 63
ValueError: Дмитрий imkjxt@gmail.com 100
NotEmailError: Хенг flsiogmwfv.mail.ru 60
ValueError: Степан cwpxzmvcys@mail.ru 100
ValueError: Волочкова ccni@gmail.com 100
ValueError: Джамшут
NotEmailError: Хенг rlbvvaq 21
ValueError: Анна qi@ya.ru 101
ValueError: Джамшут bumqppdlj@mail.ru 101
NotEmailError: Тролль sw 54
ValueError: Джамшут qtm@mail.ru 100
NotNameError: Джигурда42 byuxfoyigk@ya.ru 21
NotEmailError: Ли ykpenvzfigvam 39
ValueError: 98
NotEmailError: Земфира azxq 82
ValueError: Ли yaagqzrje@gmail.com 101
ValueError: Артём by@gmail.com 101
ValueError: Яочуан bpn@ya.ru 8
ValueError: Чонгкун sayoo@ya.ru 100
NotNameError: Яочуан42 zihdblwz@mail.ru 98
ValueError: Ольга hrvxhaieg@mail.ru 101
ValueError: Чехова ieiq@gmail.com 100
ValueError: Владимир edx@ya.ru 100
NotEmailError: Равшан mdza.ru 94
ValueError: 61
NotNameError: Джамшут666 kjw@gmail.com 25
ValueError: Бузова uri@mail.ru 8
ValueError: Гнойный dbvk@mail.ru 100
ValueError: Ван rgjaqkqs@gmail.com 8
ValueError: Волочкова mnu@mail.ru 8
NotNameError: Ли42 vqffrrlfh@gmail.com 99
NotNameError: Тролль666 se@mail.ru 52
ValueError: Дмитрий xayinimkz@mail.ru 7
